0 info it worked if it ends with ok
1 verbose cli [ 'C:\\dev\\nodejs\\node.exe',
1 verbose cli   'C:\\dev\\nodejs\\node_modules\\npm\\bin\\npm-cli.js',
1 verbose cli   'run',
1 verbose cli   'build' ]
2 info using npm@3.10.10
3 info using node@v6.10.2
4 verbose run-script [ 'prebuild', 'build', 'postbuild' ]
5 info lifecycle component@1.0.0~prebuild: component@1.0.0
6 silly lifecycle component@1.0.0~prebuild: no script for prebuild, continuing
7 info lifecycle component@1.0.0~build: component@1.0.0
8 verbose lifecycle component@1.0.0~build: unsafe-perm in lifecycle true
9 verbose lifecycle component@1.0.0~build: PATH: C:\dev\nvm\v6.10.2\node_modules\npm\bin\node-gyp-bin;E:\workspace\componet\node_modules\.bin;C:\Users\flyromance\bin;C:\Program Files\Git\mingw64\bin;C:\Program Files\Git\usr\local\bin;C:\Program Files\Git\usr\bin;C:\Program Files\Git\usr\bin;C:\Program Files\Git\mingw64\bin;C:\Program Files\Git\usr\bin;C:\Users\flyromance\bin;C:\Windows\system32;C:\Windows;C:\Windows\System32\Wbem;C:\Windows\System32\WindowsPowerShell\v1.0;C:\Program Files (x86)\NVIDIA Corporation\PhysX\Common;C:\Program Files\Git\cmd;C:\dev\mysql\bin;C:\dev\nvm;C:\dev\nvm\npm;C:\dev\nodejs;C:\dev\mongodb\bin;C:\Users\flyromance\AppData\Local\Microsoft\WindowsApps;C:\Program Files (x86)\Microsoft VS Code\bin;C:\dev\.babun;C:\Program Files\Git\usr\bin\vendor_perl;C:\Program Files\Git\usr\bin\core_perl
10 verbose lifecycle component@1.0.0~build: CWD: E:\workspace\componet
11 silly lifecycle component@1.0.0~build: Args: [ '/d /s /c',
11 silly lifecycle   'rm -rf ./dist && webpack --colors --display-modules --progress --display-reasons' ]
12 silly lifecycle component@1.0.0~build: Returned: code: 1  signal: null
13 info lifecycle component@1.0.0~build: Failed to exec build script
14 verbose stack Error: component@1.0.0 build: `rm -rf ./dist && webpack --colors --display-modules --progress --display-reasons`
14 verbose stack Exit status 1
14 verbose stack     at EventEmitter.<anonymous> (C:\dev\nvm\v6.10.2\node_modules\npm\lib\utils\lifecycle.js:255:16)
14 verbose stack     at emitTwo (events.js:106:13)
14 verbose stack     at EventEmitter.emit (events.js:191:7)
14 verbose stack     at ChildProcess.<anonymous> (C:\dev\nvm\v6.10.2\node_modules\npm\lib\utils\spawn.js:40:14)
14 verbose stack     at emitTwo (events.js:106:13)
14 verbose stack     at ChildProcess.emit (events.js:191:7)
14 verbose stack     at maybeClose (internal/child_process.js:886:16)
14 verbose stack     at Process.ChildProcess._handle.onexit (internal/child_process.js:226:5)
15 verbose pkgid component@1.0.0
16 verbose cwd E:\workspace\componet
17 error Windows_NT 10.0.15063
18 error argv "C:\\dev\\nodejs\\node.exe" "C:\\dev\\nodejs\\node_modules\\npm\\bin\\npm-cli.js" "run" "build"
19 error node v6.10.2
20 error npm  v3.10.10
21 error code ELIFECYCLE
22 error component@1.0.0 build: `rm -rf ./dist && webpack --colors --display-modules --progress --display-reasons`
22 error Exit status 1
23 error Failed at the component@1.0.0 build script 'rm -rf ./dist && webpack --colors --display-modules --progress --display-reasons'.
23 error Make sure you have the latest version of node.js and npm installed.
23 error If you do, this is most likely a problem with the component package,
23 error not with npm itself.
23 error Tell the author that this fails on your system:
23 error     rm -rf ./dist && webpack --colors --display-modules --progress --display-reasons
23 error You can get information on how to open an issue for this project with:
23 error     npm bugs component
23 error Or if that isn't available, you can get their info via:
23 error     npm owner ls component
23 error There is likely additional logging output above.
24 verbose exit [ 1, true ]
